D:\SFML\SFML\DEBUG\GLOBAL.OBJ
D:\SFML\SFML\DEBUG\MAIN.OBJ
D:\SFML\SFML\DEBUG\MAP.OBJ
D:\SFML\SFML\DEBUG\PDATA.OBJ
D:\SFML\SFML\DEBUG\PLAYER.OBJ
D:\SFML\SFML\DEBUG\PUZZLE.OBJ
D:\SFML\SFML\DEBUG\RAYCASTINGSCENE.OBJ
D:\SFML\SFML\DEBUG\SCENEBASE.OBJ
D:\SFML\SFML\DEBUG\SCENEMANAGER.OBJ
D:\SFML\SFML\DEBUG\SHADERSCENE.OBJ
D:\SFML\SFML\DEBUG\SKILL.OBJ
D:\SFML\SFML\DEBUG\TILESET.OBJ
D:\SFML\SFML\DEBUG\TINYSTR.OBJ
D:\SFML\SFML\DEBUG\TINYXML.OBJ
D:\SFML\SFML\DEBUG\TINYXMLERROR.OBJ
D:\SFML\SFML\DEBUG\TINYXMLPARSER.OBJ
D:\SFML\SFML\DEBUG\TITLESCENE.OBJ
D:\SFML\SFML\DEBUG\TOOLTIP.OBJ
D:\SFML\SFML\DEBUG\UISCENE.OBJ
D:\SFML\SFML\DEBUG\WINDOWENTITY.OBJ
D:\SFML\SFML\DEBUG\ANIMATION.OBJ
D:\SFML\SFML\DEBUG\BATTLE.OBJ
D:\SFML\SFML\DEBUG\BUTTON.OBJ
D:\SFML\SFML\DEBUG\DIALOG.OBJ
D:\SFML\SFML\DEBUG\ENTITY.OBJ
D:\SFML\SFML\DEBUG\GAMESCENE.OBJ
D:\SFML\SFML\DEBUG\GAUGE.OBJ
D:\SFML\SFML\DEBUG\VC110.PDB
D:\SFML\DEBUG\SFML.ILK
D:\SFML\DEBUG\SFML.EXE
D:\SFML\DEBUG\SFML.PDB
D:\SFML\SFML\Debug\animation.obj
D:\SFML\SFML\Debug\battle.obj
D:\SFML\SFML\Debug\button.obj
D:\SFML\SFML\Debug\dialog.obj
D:\SFML\SFML\Debug\entity.obj
D:\SFML\SFML\Debug\gamescene.obj
D:\SFML\SFML\Debug\gauge.obj
D:\SFML\SFML\Debug\global.obj
D:\SFML\SFML\Debug\main.obj
D:\SFML\SFML\Debug\map.obj
D:\SFML\SFML\Debug\pdata.obj
D:\SFML\SFML\Debug\player.obj
D:\SFML\SFML\Debug\puzzle.obj
D:\SFML\SFML\Debug\raycastingscene.obj
D:\SFML\SFML\Debug\scenebase.obj
D:\SFML\SFML\Debug\scenemanager.obj
D:\SFML\SFML\Debug\shaderscene.obj
D:\SFML\SFML\Debug\skill.obj
D:\SFML\SFML\Debug\tileset.obj
D:\SFML\SFML\Debug\tinystr.obj
D:\SFML\SFML\Debug\tinyxml.obj
D:\SFML\SFML\Debug\tinyxmlerror.obj
D:\SFML\SFML\Debug\tinyxmlparser.obj
D:\SFML\SFML\Debug\titlescene.obj
D:\SFML\SFML\Debug\tooltip.obj
D:\SFML\SFML\Debug\uiscene.obj
D:\SFML\SFML\Debug\windowentity.obj
D:\SFML\SFML\Debug\cl.command.1.tlog
D:\SFML\SFML\Debug\CL.read.1.tlog
D:\SFML\SFML\Debug\CL.write.1.tlog
D:\SFML\SFML\Debug\link-cvtres.read.1.tlog
D:\SFML\SFML\Debug\link-cvtres.write.1.tlog
D:\SFML\SFML\Debug\link-rc.read.1.tlog
D:\SFML\SFML\Debug\link-rc.write.1.tlog
D:\SFML\SFML\Debug\link.command.1.tlog
D:\SFML\SFML\Debug\link.read.1.tlog
D:\SFML\SFML\Debug\link.write.1.tlog
D:\SFML\SFML\Debug\vc110.idb
D:\SFML\SFML\Debug\vc110.pdb
D:\SFML\Debug\SFML.pdb
D:\SFML\Debug\SFML.exe
D:\SFML\Debug\SFML.ilk
