빌드 시작: 2013-06-08 오후 10:44:43
     1>2 노드의 "D:\SFML\SFML\SFML.vcxproj" 프로젝트(Build 대상)입니다.
     1>ClCompile:
         C:\Program Files (x86)\Microsoft Visual Studio 11.0\VC\bin\CL.exe /c /ZI /nologo /W3 /WX- /Od /Oy- /D WIN32 /D _DEBUG /D _CONSOLE /D _UNICODE /D UNICODE /Gm /EHsc /RTC1 /MDd /GS /fp:precise /Zc:wchar_t /Zc:forScope /Fo"Debug\\" /Fd"Debug\vc110.pdb" /Gd /TP /analyze- /errorReport:prompt raycastingscene.cpp
         raycastingscene.cpp
     1>d:\sfml\sfml\raycastingscene.cpp(6): warning C4996: 'fopen': This function or variable may be unsafe. Consider using fopen_s instead. To disable deprecation, use _CRT_SECURE_NO_WARNINGS. See online help for details.
                 c:\program files (x86)\microsoft visual studio 11.0\vc\include\stdio.h(218) : 'fopen' 선언을 참조하십시오.
     1>d:\sfml\sfml\raycastingscene.cpp(10): warning C4996: 'fscanf': This function or variable may be unsafe. Consider using fscanf_s instead. To disable deprecation, use _CRT_SECURE_NO_WARNINGS. See online help for details.
                 c:\program files (x86)\microsoft visual studio 11.0\vc\include\stdio.h(237) : 'fscanf' 선언을 참조하십시오.
     1>d:\sfml\sfml\raycastingscene.cpp(159): warning C4244: '-=' : 'double'에서 'int'(으)로 변환하면서 데이터가 손실될 수 있습니다.
     1>d:\sfml\sfml\raycastingscene.cpp(178): warning C4244: '-=' : 'double'에서 'int'(으)로 변환하면서 데이터가 손실될 수 있습니다.
     1>d:\sfml\sfml\raycastingscene.cpp(196): warning C4244: '-=' : 'double'에서 'int'(으)로 변환하면서 데이터가 손실될 수 있습니다.
       Link:
         C:\Program Files (x86)\Microsoft Visual Studio 11.0\VC\bin\link.exe /ERRORREPORT:PROMPT /OUT:"D:\SFML\Debug\SFML.exe" /INCREMENTAL /NOLOGO "sfml-graphics-d.lib" "sfml-window-d.lib" "sfml-system-d.lib" kernel32.lib user32.lib gdi32.lib winspool.lib comdlg32.lib advapi32.lib shell32.lib ole32.lib oleaut32.lib uuid.lib odbc32.lib odbccp32.lib /MANIFEST /MANIFESTUAC:"level='asInvoker' uiAccess='false'" /manifest:embed /DEBUG /PDB:"D:\SFML\Debug\SFML.pdb" /SUBSYSTEM:CONSOLE /TLBID:1 /DYNAMICBASE /NXCOMPAT /IMPLIB:"D:\SFML\Debug\SFML.lib" /MACHINE:X86 Debug\animation.obj
         Debug\battle.obj
         Debug\button.obj
         Debug\dialog.obj
         Debug\entity.obj
         Debug\gamescene.obj
         Debug\gauge.obj
         Debug\global.obj
         Debug\main.obj
         Debug\map.obj
         Debug\pdata.obj
         Debug\player.obj
         Debug\puzzle.obj
         Debug\raycastingscene.obj
         Debug\scenebase.obj
         Debug\scenemanager.obj
         Debug\shaderscene.obj
         Debug\skill.obj
         Debug\tileset.obj
         Debug\tinystr.obj
         Debug\tinyxml.obj
         Debug\tinyxmlerror.obj
         Debug\tinyxmlparser.obj
         Debug\titlescene.obj
         Debug\tooltip.obj
         Debug\uiscene.obj
         Debug\windowentity.obj
         SFML.vcxproj -> D:\SFML\Debug\SFML.exe
     1>"D:\SFML\SFML\SFML.vcxproj" 프로젝트를 빌드했습니다(Build 대상).

빌드했습니다.

경과 시간: 00:00:03.63
