D:\SFML\SFML\RELEASE\TILESET.OBJ
D:\SFML\SFML\RELEASE\SKILL.OBJ
D:\SFML\SFML\RELEASE\SHADERSCENE.OBJ
D:\SFML\SFML\RELEASE\SCENEMANAGER.OBJ
D:\SFML\SFML\RELEASE\SCENEBASE.OBJ
D:\SFML\SFML\RELEASE\RAYCASTINGSCENE.OBJ
D:\SFML\SFML\RELEASE\PUZZLE.OBJ
D:\SFML\SFML\RELEASE\PLAYER.OBJ
D:\SFML\SFML\RELEASE\PDATA.OBJ
D:\SFML\SFML\RELEASE\MAP.OBJ
D:\SFML\SFML\RELEASE\MAKEMAP.OBJ
D:\SFML\SFML\RELEASE\MAIN.OBJ
D:\SFML\SFML\RELEASE\GLOBAL.OBJ
D:\SFML\SFML\RELEASE\GAUGE.OBJ
D:\SFML\SFML\RELEASE\GAMESCENE.OBJ
D:\SFML\SFML\RELEASE\ENTITY.OBJ
D:\SFML\SFML\RELEASE\DIALOG.OBJ
D:\SFML\SFML\RELEASE\BUTTON.OBJ
D:\SFML\SFML\RELEASE\BATTLE.OBJ
D:\SFML\SFML\RELEASE\ANIMATION.OBJ
D:\SFML\SFML\RELEASE\WINDOWENTITY.OBJ
D:\SFML\SFML\RELEASE\UISCENE.OBJ
D:\SFML\SFML\RELEASE\TOOLTIP.OBJ
D:\SFML\SFML\RELEASE\TITLESCENE.OBJ
D:\SFML\SFML\RELEASE\TINYXMLPARSER.OBJ
D:\SFML\SFML\RELEASE\TINYXMLERROR.OBJ
D:\SFML\SFML\RELEASE\TINYXML.OBJ
D:\SFML\SFML\RELEASE\TINYSTR.OBJ
D:\SFML\SFML\RELEASE\VC110.PDB
D:\SFML\RELEASE\SFML.EXE
D:\SFML\RELEASE\SFML.PDB
D:\SFML\SFML\Release\animation.obj
D:\SFML\SFML\Release\battle.obj
D:\SFML\SFML\Release\button.obj
D:\SFML\SFML\Release\dialog.obj
D:\SFML\SFML\Release\entity.obj
D:\SFML\SFML\Release\gamescene.obj
D:\SFML\SFML\Release\gauge.obj
D:\SFML\SFML\Release\global.obj
D:\SFML\SFML\Release\main.obj
D:\SFML\SFML\Release\makemap.obj
D:\SFML\SFML\Release\map.obj
D:\SFML\SFML\Release\pdata.obj
D:\SFML\SFML\Release\player.obj
D:\SFML\SFML\Release\puzzle.obj
D:\SFML\SFML\Release\raycastingscene.obj
D:\SFML\SFML\Release\scenebase.obj
D:\SFML\SFML\Release\scenemanager.obj
D:\SFML\SFML\Release\shaderscene.obj
D:\SFML\SFML\Release\skill.obj
D:\SFML\SFML\Release\tileset.obj
D:\SFML\SFML\Release\tinystr.obj
D:\SFML\SFML\Release\tinyxml.obj
D:\SFML\SFML\Release\tinyxmlerror.obj
D:\SFML\SFML\Release\tinyxmlparser.obj
D:\SFML\SFML\Release\titlescene.obj
D:\SFML\SFML\Release\tooltip.obj
D:\SFML\SFML\Release\uiscene.obj
D:\SFML\SFML\Release\windowentity.obj
D:\SFML\SFML\Release\cl.command.1.tlog
D:\SFML\SFML\Release\CL.read.1.tlog
D:\SFML\SFML\Release\CL.write.1.tlog
D:\SFML\SFML\Release\link-cvtres.read.1.tlog
D:\SFML\SFML\Release\link-cvtres.write.1.tlog
D:\SFML\SFML\Release\link-rc.read.1.tlog
D:\SFML\SFML\Release\link-rc.write.1.tlog
D:\SFML\SFML\Release\link.command.1.tlog
D:\SFML\SFML\Release\link.read.1.tlog
D:\SFML\SFML\Release\link.write.1.tlog
D:\SFML\SFML\Release\vc110.pdb
D:\SFML\Release\SFML.pdb
D:\SFML\Release\SFML.exe
